<?xml version="1.0" encoding="UTF-8"?>
<beans xmlns="http://www.springframework.org/schema/beans"
	xmlns:security="http://www.springframework.org/schema/security"
	xmlns:xsi="http://www.w3.org/2001/XMLSchema-instance" 
	xmlns:context="http://www.springframework.org/schema/context"
	xmlns:tx="http://www.springframework.org/schema/tx" 
	xmlns:p="http://www.springframework.org/schema/p"
	xmlns:util="http://www.springframework.org/schema/util"
	xsi:schemaLocation="
    http://www.springframework.org/schema/beans http://www.springframework.org/schema/beans/spring-beans-3.1.xsd
    http://www.springframework.org/schema/security http://www.springframework.org/schema/security/spring-security-3.1.xsd
    http://www.springframework.org/schema/context http://www.springframework.org/schema/context/spring-context-3.1.xsd
    http://www.springframework.org/schema/util http://www.springframework.org/schema/util/spring-util-3.1.xsd
    http://www.springframework.org/schema/tx http://www.springframework.org/schema/tx/spring-tx-3.1.xsd"
	default-lazy-init="true"
	default-autowire="byName">
	
	
	
	
    <context:annotation-config/>
	
    <bean id="propertyConfigurer" class="org.springframework.beans.factory.config.PropertyPlaceholderConfigurer">
		<property name="location" value="file:${user.dir}/dev.properties"/>
    </bean>
     
	<bean id="dataSourceAnalyze" class="org.apache.commons.dbcp.BasicDataSource" destroy-method="close">
		<property name="driverClassName" value="org.postgresql.Driver" />
		<property name="url" value="${collect_analyze.devdb.url}"/>
		<property name="username" value="${collect_analyze.devdb.username}" />
		<property name="password" value="${collect_analyze.devdb.password}" />
	</bean>
	
	<bean id="transactionManager" class="org.springframework.jdbc.datasource.DataSourceTransactionManager">
		<property name="dataSource" ref="dataSourceAnalyze"/>
	</bean>
	
	
	<bean id="factoryDao" class="org.openforis.idreporting.core.FactoryDao">
		<property name="dataSource" ref="dataSourceAnalyze"/>
	</bean>
 
	
	<!-- enables interpretation of the @Transactional annotations for declarative transaction management-->
	<tx:annotation-driven transaction-manager="transactionManager" proxy-target-class="true"/>
</beans>
